<?xml version="1.0" encoding="UTF-8"?>
<testng-results skipped="0" failed="0" total="0" passed="0">
  <reporter-output>
  </reporter-output>
  <suite name="Tests.FrontEndTests.WebDriverTest" duration-ms="5" started-at="2016-11-22T10:42:25Z" finished-at="2016-11-22T10:42:25Z">
    <groups>
    </groups>
    <test name="Command line test" duration-ms="5" started-at="2016-11-22T10:42:25Z" finished-at="2016-11-22T10:42:25Z">
    </test> <!-- Command line test -->
  </suite> <!-- Tests.FrontEndTests.WebDriverTest -->
</testng-results>
